Removed Pin From Net: NetName=NetAR1_1 Pin=AR1-1
Removed Pin From Net: NetName=MOTOR1_SAMPLE Pin=AR1-2
Removed Pin From Net: NetName=C0 Pin=AR1-3
Removed Pin From Net: NetName=VCC-5 Pin=AR1-4
Removed Pin From Net: NetName=GND Pin=AR1-5
Removed Pin From Net: NetName=NetAR2_1 Pin=AR2-1
Removed Pin From Net: NetName=MOTOR2_SAMPLE Pin=AR2-2
Removed Pin From Net: NetName=C1 Pin=AR2-3
Removed Pin From Net: NetName=VCC-5 Pin=AR2-4
Removed Pin From Net: NetName=GND Pin=AR2-5
Removed Pin From Net: NetName=GND Pin=U3-0
Added Pin To Net: NetName=NetAR1_1 Pin=AR1-2
Added Pin To Net: NetName=MOTOR1_SAMPLE Pin=AR1-3
Added Pin To Net: NetName=GND Pin=AR1-4
Added Pin To Net: NetName=C0 Pin=AR1-6
Added Pin To Net: NetName=VCC-5 Pin=AR1-7
Added Pin To Net: NetName=NetAR2_1 Pin=AR2-2
Added Pin To Net: NetName=MOTOR2_SAMPLE Pin=AR2-3
Added Pin To Net: NetName=GND Pin=AR2-4
Added Pin To Net: NetName=C1 Pin=AR2-6
Added Pin To Net: NetName=VCC-5 Pin=AR2-7
